0 verbose cli /home/krikri/.nvm/versions/node/v20.16.0/bin/node /home/krikri/.nvm/versions/node/v20.16.0/bin/npm
1 info using npm@10.8.1
2 info using node@v20.16.0
3 silly config load:file:/home/krikri/.nvm/versions/node/v20.16.0/lib/node_modules/npm/npmrc
4 silly config load:file:/home/krikri/.npmrc
5 silly config load:file:/home/krikri/.nvm/versions/node/v20.16.0/etc/npmrc
6 verbose title npm install hardhat
7 verbose argv "install" "--save-dev" "hardhat"
8 verbose logfile logs-max:10 dir:/home/krikri/.npm/_logs/2024-08-27T14_43_56_364Z-
9 verbose logfile /home/krikri/.npm/_logs/2024-08-27T14_43_56_364Z-debug-0.log
10 silly packumentCache heap:4345298944 maxSize:1086324736 maxEntrySize:543162368
11 silly logfile start cleaning logs, removing 1 files
12 silly logfile done cleaning log files
13 silly idealTree buildDeps
14 silly fetch manifest hardhat@^2.22.9
15 silly packumentCache full:https://registry.npmjs.org/hardhat cache-miss
16 http fetch GET 200 https://registry.npmjs.org/hardhat 190ms (cache revalidated)
17 silly packumentCache full:https://registry.npmjs.org/hardhat set size:927622 disposed:false
18 silly fetch manifest ts-node@*
19 silly packumentCache full:https://registry.npmjs.org/ts-node cache-miss
20 http fetch GET 200 https://registry.npmjs.org/ts-node 29ms (cache revalidated)
21 silly packumentCache full:https://registry.npmjs.org/ts-node set size:574520 disposed:false
22 silly fetch manifest @swc/core@>=1.2.50
23 silly packumentCache full:https://registry.npmjs.org/@swc%2fcore cache-miss
24 http fetch GET 200 https://registry.npmjs.org/@swc%2fcore 60ms (cache revalidated)
25 silly packumentCache full:https://registry.npmjs.org/@swc%2fcore set size:3205916 disposed:false
26 silly fetch manifest @swc/helpers@*
27 silly packumentCache full:https://registry.npmjs.org/@swc%2fhelpers cache-miss
28 http fetch GET 200 https://registry.npmjs.org/@swc%2fhelpers 60ms (cache revalidated)
29 silly packumentCache full:https://registry.npmjs.org/@swc%2fhelpers set size:568005 disposed:false
30 silly fetch manifest @swc/wasm@>=1.2.50
31 silly packumentCache full:https://registry.npmjs.org/@swc%2fwasm cache-miss
32 http fetch GET 200 https://registry.npmjs.org/@swc%2fwasm 57ms (cache revalidated)
33 silly packumentCache full:https://registry.npmjs.org/@swc%2fwasm set size:995425 disposed:false
34 silly fetch manifest @types/node@*
35 silly packumentCache full:https://registry.npmjs.org/@types%2fnode cache-miss
36 http fetch GET 200 https://registry.npmjs.org/@types%2fnode 49ms (cache revalidated)
37 silly packumentCache full:https://registry.npmjs.org/@types%2fnode set size:8986189 disposed:false
38 silly fetch manifest typescript@>=2.7
39 silly packumentCache full:https://registry.npmjs.org/typescript cache-miss
40 http fetch GET 200 https://registry.npmjs.org/typescript 48ms (cache revalidated)
41 silly packumentCache full:https://registry.npmjs.org/typescript set size:13161085 disposed:false
42 silly placeDep ROOT hardhat@2.22.9 REPLACE for:  want: ^2.22.9
43 silly reify moves {}
44 silly audit bulk request {
44 silly audit   '@adraffy/ens-normalize': [ '1.10.1' ],
44 silly audit   '@aws-crypto/sha256-js': [ '1.2.2' ],
44 silly audit   '@aws-crypto/util': [ '1.2.2' ],
44 silly audit   '@aws-sdk/types': [ '3.609.0' ],
44 silly audit   tslib: [ '2.7.0', '2.4.0', '1.14.1' ],
44 silly audit   '@aws-sdk/util-utf8-browser': [ '3.259.0' ],
44 silly audit   '@cspotcode/source-map-support': [ '0.8.1' ],
44 silly audit   '@ethereumjs/rlp': [ '4.0.1' ],
44 silly audit   '@ethereumjs/util': [ '8.1.0' ],
44 silly audit   '@noble/curves': [ '1.4.2', '1.2.0' ],
44 silly audit   'ethereum-cryptography': [ '2.2.1', '1.2.0', '0.1.3' ],
44 silly audit   '@ethersproject/abi': [ '5.7.0' ],
44 silly audit   '@ethersproject/abstract-provider': [ '5.7.0' ],
44 silly audit   '@ethersproject/abstract-signer': [ '5.7.0' ],
44 silly audit   '@ethersproject/address': [ '5.7.0', '5.6.1' ],
44 silly audit   '@ethersproject/base64': [ '5.7.0' ],
44 silly audit   '@ethersproject/basex': [ '5.7.0' ],
44 silly audit   '@ethersproject/bignumber': [ '5.7.0' ],
44 silly audit   '@ethersproject/bytes': [ '5.7.0' ],
44 silly audit   '@ethersproject/constants': [ '5.7.0' ],
44 silly audit   '@ethersproject/contracts': [ '5.7.0' ],
44 silly audit   '@ethersproject/hash': [ '5.7.0' ],
44 silly audit   '@ethersproject/hdnode': [ '5.7.0' ],
44 silly audit   '@ethersproject/json-wallets': [ '5.7.0' ],
44 silly audit   'aes-js': [ '3.0.0', '4.0.0-beta.5' ],
44 silly audit   '@ethersproject/keccak256': [ '5.7.0' ],
44 silly audit   '@ethersproject/logger': [ '5.7.0' ],
44 silly audit   '@ethersproject/networks': [ '5.7.1' ],
44 silly audit   '@ethersproject/pbkdf2': [ '5.7.0' ],
44 silly audit   '@ethersproject/properties': [ '5.7.0' ],
44 silly audit   '@ethersproject/providers': [ '5.7.2' ],
44 silly audit   bech32: [ '1.1.4', '2.0.0' ],
44 silly audit   ws: [ '7.4.6', '8.17.1', '7.5.10' ],
44 silly audit   '@ethersproject/random': [ '5.7.0' ],
44 silly audit   '@ethersproject/rlp': [ '5.7.0' ],
44 silly audit   '@ethersproject/sha2': [ '5.7.0' ],
44 silly audit   '@ethersproject/signing-key': [ '5.7.0' ],
44 silly audit   '@ethersproject/solidity': [ '5.7.0' ],
44 silly audit   '@ethersproject/strings': [ '5.7.0' ],
44 silly audit   '@ethersproject/transactions': [ '5.7.0' ],
44 silly audit   '@ethersproject/units': [ '5.7.0' ],
44 silly audit   '@ethersproject/wallet': [ '5.7.0' ],
44 silly audit   '@ethersproject/web': [ '5.7.1' ],
44 silly audit   '@ethersproject/wordlists': [ '5.7.0' ],
44 silly audit   '@fastify/busboy': [ '2.1.1' ],
44 silly audit   '@jridgewell/resolve-uri': [ '3.1.2' ],
44 silly audit   '@jridgewell/sourcemap-codec': [ '1.5.0' ],
44 silly audit   '@jridgewell/trace-mapping': [ '0.3.9' ],
44 silly audit   '@metamask/eth-sig-util': [ '4.0.1' ],
44 silly audit   '@types/bn.js': [ '4.11.6', '5.1.5' ],
44 silly audit   'bn.js': [ '4.12.0', '5.2.1', '4.11.6' ],
44 silly audit   'ethereumjs-util': [ '6.2.1', '7.1.5' ],
44 silly audit   rlp: [ '2.2.7', '3.0.0' ],
44 silly audit   '@noble/hashes': [ '1.3.2', '1.4.0', '1.2.0' ],
44 silly audit   '@noble/secp256k1': [ '1.7.1' ],
44 silly audit   '@nodelib/fs.scandir': [ '2.1.5' ],
44 silly audit   '@nodelib/fs.stat': [ '2.0.5' ],
44 silly audit   '@nodelib/fs.walk': [ '1.2.8' ],
44 silly audit   '@nomicfoundation/edr': [ '0.5.2' ],
44 silly audit   '@nomicfoundation/edr-darwin-arm64': [ '0.5.2' ],
44 silly audit   '@nomicfoundation/edr-darwin-x64': [ '0.5.2' ],
44 silly audit   '@nomicfoundation/edr-linux-arm64-gnu': [ '0.5.2' ],
44 silly audit   '@nomicfoundation/edr-linux-arm64-musl': [ '0.5.2' ],
44 silly audit   '@nomicfoundation/edr-linux-x64-gnu': [ '0.5.2' ],
44 silly audit   '@nomicfoundation/edr-linux-x64-musl': [ '0.5.2' ],
44 silly audit   '@nomicfoundation/edr-win32-x64-msvc': [ '0.5.2' ],
44 silly audit   '@nomicfoundation/ethereumjs-common': [ '4.0.4' ],
44 silly audit   '@nomicfoundation/ethereumjs-rlp': [ '5.0.4' ],
44 silly audit   '@nomicfoundation/ethereumjs-tx': [ '5.0.4' ],
44 silly audit   '@nomicfoundation/ethereumjs-util': [ '9.0.4' ],
44 silly audit   '@nomicfoundation/hardhat-chai-matchers': [ '2.0.7' ],
44 silly audit   '@nomicfoundation/hardhat-ethers': [ '3.0.7' ],
44 silly audit   '@nomicfoundation/hardhat-ignition': [ '0.15.5' ],
44 silly audit   '@nomicfoundation/hardhat-ignition-ethers': [ '0.15.5' ],
44 silly audit   '@nomicfoundation/hardhat-network-helpers': [ '1.0.11' ],
44 silly audit   '@nomicfoundation/hardhat-toolbox': [ '5.0.0' ],
44 silly audit   '@nomicfoundation/hardhat-verify': [ '2.0.9' ],
44 silly audit   'ansi-styles': [ '3.2.1', '4.3.0' ],
44 silly audit   chalk: [ '2.4.2', '4.1.2' ],
44 silly audit   'color-convert': [ '1.9.3', '2.0.1' ],
44 silly audit   'color-name': [ '1.1.3', '1.1.4' ],
44 silly audit   'escape-string-regexp': [ '1.0.5', '4.0.0' ],
44 silly audit   'has-flag': [ '3.0.0', '4.0.0', '1.0.0' ],
44 silly audit   'supports-color': [ '5.5.0', '8.1.1', '3.2.3', '7.2.0' ],
44 silly audit   '@nomicfoundation/ignition-core': [ '0.15.5' ],
44 silly audit   cbor: [ '9.0.2', '8.1.0' ],
44 silly audit   '@nomicfoundation/ignition-ui': [ '0.15.5' ],
44 silly audit   '@nomicfoundation/slang': [ '0.16.0' ],
44 silly audit   '@nomicfoundation/slang-darwin-arm64': [ '0.16.0' ],
44 silly audit   '@nomicfoundation/slang-darwin-x64': [ '0.16.0' ],
44 silly audit   '@nomicfoundation/slang-linux-arm64-gnu': [ '0.16.0' ],
44 silly audit   '@nomicfoundation/slang-linux-arm64-musl': [ '0.16.0' ],
44 silly audit   '@nomicfoundation/slang-linux-x64-gnu': [ '0.16.0' ],
44 silly audit   '@nomicfoundation/slang-linux-x64-musl': [ '0.16.0' ],
44 silly audit   '@nomicfoundation/slang-win32-arm64-msvc': [ '0.16.0' ],
44 silly audit   '@nomicfoundation/slang-win32-ia32-msvc': [ '0.16.0' ],
44 silly audit   '@nomicfoundation/slang-win32-x64-msvc': [ '0.16.0' ],
44 silly audit   '@nomicfoundation/solidity-analyzer': [ '0.1.2' ],
44 silly audit   '@nomicfoundation/solidity-analyzer-darwin-arm64': [ '0.1.2' ],
44 silly audit   '@nomicfoundation/solidity-analyzer-darwin-x64': [ '0.1.2' ],
44 silly audit   '@nomicfoundation/solidity-analyzer-linux-arm64-gnu': [ '0.1.2' ],
44 silly audit   '@nomicfoundation/solidity-analyzer-linux-arm64-musl': [ '0.1.2' ],
44 silly audit   '@nomicfoundation/solidity-analyzer-linux-x64-gnu': [ '0.1.2' ],
44 silly audit   '@nomicfoundation/solidity-analyzer-linux-x64-musl': [ '0.1.2' ],
44 silly audit   '@nomicfoundation/solidity-analyzer-win32-x64-msvc': [ '0.1.2' ],
44 silly audit   '@oasisprotocol/deoxysii': [ '0.0.5' ],
44 silly audit   '@openzeppelin/contracts': [ '4.9.6' ],
44 silly audit   '@openzeppelin/defender-sdk-base-client': [ '1.14.3' ],
44 silly audit   '@openzeppelin/defender-sdk-deploy-client': [ '1.14.3' ],
44 silly audit   '@openzeppelin/defender-sdk-network-client': [ '1.14.3' ],
44 silly audit   '@openzeppelin/hardhat-upgrades': [ '3.2.1' ],
44 silly audit   undici: [ '6.19.8', '5.28.4' ],
44 silly audit   '@openzeppelin/upgrades-core': [ '1.36.0' ],
44 silly audit   '@scure/base': [ '1.1.7' ],
44 silly audit   '@scure/bip32': [ '1.4.0', '1.1.5' ],
44 silly audit   '@scure/bip39': [ '1.3.0', '1.1.1' ],
44 silly audit   '@sentry/core': [ '5.30.0' ],
44 silly audit   '@sentry/hub': [ '5.30.0' ],
44 silly audit   '@sentry/minimal': [ '5.30.0' ],
44 silly audit   '@sentry/node': [ '5.30.0' ],
44 silly audit   '@sentry/tracing': [ '5.30.0' ],
44 silly audit   '@sentry/types': [ '5.30.0' ],
44 silly audit   '@sentry/utils': [ '5.30.0' ],
44 silly audit   '@smithy/types': [ '3.3.0' ],
44 silly audit   '@solidity-parser/parser': [ '0.14.5', '0.18.0' ],
44 silly audit   '@swisstronik/utils': [ '1.3.0' ],
44 silly audit   ethers: [ '5.7.2', '6.13.2' ],
44 silly audit   '@tsconfig/node10': [ '1.0.11' ],
44 silly audit   '@tsconfig/node12': [ '1.0.11' ],
44 silly audit   '@tsconfig/node14': [ '1.0.3' ],
44 silly audit   '@tsconfig/node16': [ '1.0.4' ],
44 silly audit   '@typechain/ethers-v6': [ '0.5.1' ],
44 silly audit   '@typechain/hardhat': [ '9.1.0' ],
44 silly audit   'fs-extra': [ '9.1.0', '10.1.0', '8.1.0', '7.0.1' ],
44 silly audit   '@types/chai': [ '4.3.18' ],
44 silly audit   '@types/chai-as-promised': [ '7.1.8' ],
44 silly audit   '@types/concat-stream': [ '1.6.1' ],
44 silly audit   '@types/form-data': [ '0.0.33' ],
44 silly audit   '@types/glob': [ '7.2.0' ],
44 silly audit   '@types/lru-cache': [ '5.1.1' ],
44 silly audit   '@types/minimatch': [ '5.1.2' ],
44 silly audit   '@types/mocha': [ '10.0.7' ],
44 silly audit   '@types/node': [ '22.5.0', '18.15.13', '10.17.60', '8.10.66' ],
44 silly audit   '@types/pbkdf2': [ '3.1.2' ],
44 silly audit   '@types/prettier': [ '2.7.3' ],
44 silly audit   '@types/qs': [ '6.9.15' ],
44 silly audit   '@types/secp256k1': [ '4.0.6' ],
44 silly audit   abbrev: [ '1.0.9' ],
44 silly audit   acorn: [ '8.12.1' ],
44 silly audit   'acorn-walk': [ '8.3.3' ],
44 silly audit   'adm-zip': [ '0.4.16' ],
44 silly audit   'agent-base': [ '6.0.2' ],
44 silly audit   'aggregate-error': [ '3.1.0' ],
44 silly audit   ajv: [ '8.17.1' ],
44 silly audit   'amazon-cognito-identity-js': [ '6.3.12' ],
44 silly audit   amdefine: [ '1.0.1' ],
44 silly audit   'ansi-align': [ '3.0.1' ],
44 silly audit   'ansi-colors': [ '4.1.3' ],
44 silly audit   'ansi-escapes': [ '4.3.2' ],
44 silly audit   'ansi-regex': [ '5.0.1', '3.0.1' ],
44 silly audit   antlr4ts: [ '0.5.0-alpha.4' ],
44 silly audit   anymatch: [ '3.1.3' ],
44 silly audit   arg: [ '4.1.3' ],
44 silly audit   argparse: [ '2.0.1', '1.0.10' ],
44 silly audit   'array-back': [ '3.1.0', '4.0.2' ],
44 silly audit   'array-buffer-byte-length': [ '1.0.1' ],
44 silly audit   'array-union': [ '2.1.0' ],
44 silly audit   'array-uniq': [ '1.0.3' ],
44 silly audit   'array.prototype.findlast': [ '1.2.5' ],
44 silly audit   'arraybuffer.prototype.slice': [ '1.0.3' ],
44 silly audit   asap: [ '2.0.6' ],
44 silly audit   'assertion-error': [ '1.1.0' ],
44 silly audit   'astral-regex': [ '2.0.0' ],
44 silly audit   async: [ '1.5.2' ],
44 silly audit   'async-retry': [ '1.3.3' ],
44 silly audit   asynckit: [ '0.4.0' ],
44 silly audit   'at-least-node': [ '1.0.0' ],
44 silly audit   'available-typed-arrays': [ '1.0.7' ],
44 silly audit   axios: [ '1.7.5' ],
44 silly audit   'balanced-match': [ '1.0.2' ],
44 silly audit   'base-x': [ '3.0.10' ],
44 silly audit   'base64-js': [ '1.5.1' ],
44 silly audit   'binary-extensions': [ '2.3.0' ],
44 silly audit   blakejs: [ '1.2.1' ],
44 silly audit   boxen: [ '5.1.2' ],
44 silly audit   'type-fest': [ '0.20.2', '0.7.1', '0.21.3' ],
44 silly audit   'brace-expansion': [ '1.1.11', '2.0.1' ],
44 silly audit   braces: [ '3.0.3' ],
44 silly audit   brorand: [ '1.1.0' ],
44 silly audit   'browser-stdout': [ '1.3.1' ],
44 silly audit   'browserify-aes': [ '1.2.0' ],
44 silly audit   bs58: [ '4.0.1' ],
44 silly audit   bs58check: [ '2.1.2' ],
44 silly audit   bsaes: [ '0.0.2' ],
44 silly audit   buffer: [ '4.9.2' ],
44 silly audit   'buffer-from': [ '1.1.2' ],
44 silly audit   'buffer-xor': [ '1.0.3' ],
44 silly audit   bytes: [ '3.1.2' ],
44 silly audit   'call-bind': [ '1.0.7' ],
44 silly audit   camelcase: [ '6.3.0' ],
44 silly audit   caseless: [ '0.12.0' ],
44 silly audit   chai: [ '4.5.0' ],
44 silly audit   'chai-as-promised': [ '7.1.2' ],
44 silly audit   charenc: [ '0.0.2' ],
44 silly audit   'check-error': [ '1.0.3' ],
44 silly audit   chokidar: [ '3.6.0' ],
44 silly audit   'ci-info': [ '2.0.0' ],
44 silly audit   'cipher-base': [ '1.0.4' ],
44 silly audit   'clean-stack': [ '2.2.0' ],
44 silly audit   'cli-boxes': [ '2.2.1' ],
44 silly audit   'cli-table3': [ '0.5.1' ],
44 silly audit   'is-fullwidth-code-point': [ '2.0.0', '3.0.0' ],
44 silly audit   'string-width': [ '2.1.1', '4.2.3' ],
44 silly audit   'strip-ansi': [ '4.0.0', '6.0.1' ],
44 silly audit   cliui: [ '7.0.4' ],
44 silly audit   colors: [ '1.4.0' ],
44 silly audit   'combined-stream': [ '1.0.8' ],
44 silly audit   'command-exists': [ '1.2.9' ],
44 silly audit   'command-line-args': [ '5.2.1' ],
44 silly audit   'command-line-usage': [ '6.1.3' ],
44 silly audit   typical: [ '5.2.0', '4.0.0' ],
44 silly audit   commander: [ '8.3.0' ],
44 silly audit   'compare-versions': [ '6.1.1' ],
44 silly audit   'concat-map': [ '0.0.1' ],
44 silly audit   'concat-stream': [ '1.6.2' ],
44 silly audit   'readable-stream': [ '2.3.8', '3.6.2' ],
44 silly audit   'safe-buffer': [ '5.1.2', '5.2.1' ],
44 silly audit   string_decoder: [ '1.1.1', '1.3.0' ],
44 silly audit   cookie: [ '0.4.2' ],
44 silly audit   'core-util-is': [ '1.0.3' ],
44 silly audit   'create-hash': [ '1.2.0' ],
44 silly audit   'create-hmac': [ '1.1.7' ],
44 silly audit   'create-require': [ '1.1.1' ],
44 silly audit   crypt: [ '0.0.2' ],
44 silly audit   'data-view-buffer': [ '1.0.1' ],
44 silly audit   'data-view-byte-length': [ '1.0.1' ],
44 silly audit   'data-view-byte-offset': [ '1.0.0' ],
44 silly audit   death: [ '1.1.0' ],
44 silly audit   debug: [ '4.3.6' ],
44 silly audit   decamelize: [ '4.0.0' ],
44 silly audit   'deep-eql': [ '4.1.4' ],
44 silly audit   'deep-extend': [ '0.6.0' ],
44 silly audit   'deep-is': [ '0.1.4' ],
44 silly audit   'define-data-property': [ '1.1.4' ],
44 silly audit   'define-properties': [ '1.2.1' ],
44 silly audit   'delayed-stream': [ '1.0.0' ],
44 silly audit   depd: [ '2.0.0' ],
44 silly audit   diff: [ '5.2.0', '4.0.2' ],
44 silly audit   difflib: [ '0.2.4' ],
44 silly audit   'dir-glob': [ '3.0.1' ],
44 silly audit   dotenv: [ '16.4.5' ],
44 silly audit   elliptic: [ '6.5.4' ],
44 silly audit   'emoji-regex': [ '8.0.0' ],
44 silly audit   enquirer: [ '2.4.1' ],
44 silly audit   'env-paths': [ '2.2.1' ],
44 silly audit   'es-abstract': [ '1.23.3' ],
44 silly audit   'es-define-property': [ '1.0.0' ],
44 silly audit   'es-errors': [ '1.3.0' ],
44 silly audit   'es-object-atoms': [ '1.0.0' ],
44 silly audit   'es-set-tostringtag': [ '2.0.3' ],
44 silly audit   'es-shim-unscopables': [ '1.0.2' ],
44 silly audit   'es-to-primitive': [ '1.2.1' ],
44 silly audit   escalade: [ '3.1.2' ],
44 silly audit   escodegen: [ '1.8.1' ],
44 silly audit   esprima: [ '2.7.3', '4.0.1' ],
44 silly audit   estraverse: [ '1.9.3' ],
44 silly audit   esutils: [ '2.0.3' ],
44 silly audit   'eth-gas-reporter': [ '0.2.27' ],
44 silly audit   'ethereum-bloom-filters': [ '1.2.0' ],
44 silly audit   'ethereumjs-abi': [ '0.6.8' ],
44 silly audit   'ethjs-unit': [ '0.1.6' ],
44 silly audit   'ethjs-util': [ '0.1.6' ],
44 silly audit   evp_bytestokey: [ '1.0.3' ],
44 silly audit   'fast-base64-decode': [ '1.0.0' ],
44 silly audit   'fast-deep-equal': [ '3.1.3' ],
44 silly audit   'fast-glob': [ '3.3.2' ],
44 silly audit   'fast-levenshtein': [ '2.0.6' ],
44 silly audit   'fast-uri': [ '3.0.1' ],
44 silly audit   fastq: [ '1.17.1' ],
44 silly audit   'fill-range': [ '7.1.1' ],
44 silly audit   'find-replace': [ '3.0.0' ],
44 silly audit   'find-up': [ '2.1.0', '5.0.0' ],
44 silly audit   flat: [ '5.0.2' ],
44 silly audit   'follow-redirects': [ '1.15.6' ],
44 silly audit   'for-each': [ '0.3.3' ],
44 silly audit   'form-data': [ '4.0.0', '2.5.1' ],
44 silly audit   'fp-ts': [ '1.19.3' ],
44 silly audit   'fs-readdir-recursive': [ '1.1.0' ],
44 silly audit   'fs.realpath': [ '1.0.0' ],
44 silly audit   fsevents: [ '2.3.3' ],
44 silly audit   'function-bind': [ '1.1.2' ],
44 silly audit   'function.prototype.name': [ '1.1.6' ],
44 silly audit   'functions-have-names': [ '1.2.3' ],
44 silly audit   'get-caller-file': [ '2.0.5' ],
44 silly audit   'get-func-name': [ '2.0.2' ],
44 silly audit   'get-intrinsic': [ '1.2.4' ],
44 silly audit   'get-port': [ '3.2.0' ],
44 silly audit   'get-symbol-description': [ '1.0.2' ],
44 silly audit   'ghost-testrpc': [ '0.0.2' ],
44 silly audit   glob: [ '7.2.0', '8.1.0', '5.0.15', '7.1.7' ],
44 silly audit   'glob-parent': [ '5.1.2' ],
44 silly audit   'global-modules': [ '2.0.0' ],
44 silly audit   'global-prefix': [ '3.0.0' ],
44 silly audit   globalthis: [ '1.0.4' ],
44 silly audit   globby: [ '10.0.2' ],
44 silly audit   gopd: [ '1.0.1' ],
44 silly audit   'graceful-fs': [ '4.2.11' ],
44 silly audit   handlebars: [ '4.7.8' ],
44 silly audit   'source-map': [ '0.6.1', '0.2.0' ],
44 silly audit   'hardhat-gas-reporter': [ '1.0.10' ],
44 silly audit   jsonfile: [ '6.1.0', '4.0.0' ],
44 silly audit   universalify: [ '0.1.2', '2.0.1' ],
44 silly audit   'has-bigints': [ '1.0.2' ],
44 silly audit   'has-property-descriptors': [ '1.0.2' ],
44 silly audit   'has-proto': [ '1.0.3' ],
44 silly audit   'has-symbols': [ '1.0.3' ],
44 silly audit   'has-tostringtag': [ '1.0.2' ],
44 silly audit   'hash-base': [ '3.1.0' ],
44 silly audit   'hash.js': [ '1.1.7' ],
44 silly audit   hasown: [ '2.0.2' ],
44 silly audit   he: [ '1.2.0' ],
44 silly audit   heap: [ '0.2.7' ],
44 silly audit   'hmac-drbg': [ '1.0.1' ],
44 silly audit   'http-basic': [ '8.1.3' ],
44 silly audit   'http-errors': [ '2.0.0' ],
44 silly audit   'http-response-object': [ '3.0.2' ],
44 silly audit   'https-proxy-agent': [ '5.0.1' ],
44 silly audit   'iconv-lite': [ '0.4.24' ],
44 silly audit   ieee754: [ '1.2.1' ],
44 silly audit   ignore: [ '5.3.2' ],
44 silly audit   immer: [ '10.0.2' ],
44 silly audit   immutable: [ '4.3.7' ],
44 silly audit   'indent-string': [ '4.0.0' ],
44 silly audit   inflight: [ '1.0.6' ],
44 silly audit   inherits: [ '2.0.4' ],
44 silly audit   ini: [ '1.3.8' ],
44 silly audit   'internal-slot': [ '1.0.7' ],
44 silly audit   interpret: [ '1.4.0' ],
44 silly audit   'io-ts': [ '1.10.4' ],
44 silly audit   'is-array-buffer': [ '3.0.4' ],
44 silly audit   'is-bigint': [ '1.0.4' ],
44 silly audit   'is-binary-path': [ '2.1.0' ],
44 silly audit   'is-boolean-object': [ '1.1.2' ],
44 silly audit   'is-callable': [ '1.2.7' ],
44 silly audit   'is-data-view': [ '1.0.1' ],
44 silly audit   'is-date-object': [ '1.0.5' ],
44 silly audit   'is-extglob': [ '2.1.1' ],
44 silly audit   'is-glob': [ '4.0.3' ],
44 silly audit   'is-hex-prefixed': [ '1.0.0' ],
44 silly audit   'is-negative-zero': [ '2.0.3' ],
44 silly audit   'is-number': [ '7.0.0' ],
44 silly audit   'is-number-object': [ '1.0.7' ],
44 silly audit   'is-plain-obj': [ '2.1.0' ],
44 silly audit   'is-regex': [ '1.1.4' ],
44 silly audit   'is-shared-array-buffer': [ '1.0.3' ],
44 silly audit   'is-string': [ '1.0.7' ],
44 silly audit   'is-symbol': [ '1.0.4' ],
44 silly audit   'is-typed-array': [ '1.1.13' ],
44 silly audit   'is-unicode-supported': [ '0.1.0' ],
44 silly audit   'is-weakref': [ '1.0.2' ],
44 silly audit   isarray: [ '1.0.0', '2.0.5' ],
44 silly audit   isexe: [ '2.0.0' ],
44 silly audit   'isomorphic-unfetch': [ '3.1.0' ],
44 silly audit   'js-cookie': [ '2.2.1' ],
44 silly audit   'js-sha3': [ '0.8.0' ],
44 silly audit   'js-yaml': [ '4.1.0', '3.14.1' ],
44 silly audit   'json-schema-traverse': [ '1.0.0' ],
44 silly audit   'json-stringify-safe': [ '5.0.1' ],
44 silly audit   jsonschema: [ '1.4.1' ],
44 silly audit   keccak: [ '3.0.4' ],
44 silly audit   'kind-of': [ '6.0.3' ],
44 silly audit   kleur: [ '3.0.3' ],
44 silly audit   levn: [ '0.3.0' ],
44 silly audit   'locate-path': [ '2.0.0', '6.0.0' ],
44 silly audit   lodash: [ '4.17.21' ],
44 silly audit   'lodash.camelcase': [ '4.3.0' ],
44 silly audit   'lodash.clonedeep': [ '4.5.0' ],
44 silly audit   'lodash.isequal': [ '4.5.0' ],
44 silly audit   'lodash.truncate': [ '4.4.2' ],
44 silly audit   'log-symbols': [ '4.1.0' ],
44 silly audit   loupe: [ '2.3.7' ],
44 silly audit   lru_map: [ '0.3.3' ],
44 silly audit   'make-error': [ '1.3.6' ],
44 silly audit   'markdown-table': [ '1.1.3' ],
44 silly audit   'md5.js': [ '1.3.5' ],
44 silly audit   memorystream: [ '0.3.1' ],
44 silly audit   merge2: [ '1.4.1' ],
44 silly audit   'micro-ftch': [ '0.3.1' ],
44 silly audit   micromatch: [ '4.0.8' ],
44 silly audit   'mime-db': [ '1.52.0' ],
44 silly audit   'mime-types': [ '2.1.35' ],
44 silly audit   'minimalistic-assert': [ '1.0.1' ],
44 silly audit   'minimalistic-crypto-utils': [ '1.0.1' ],
44 silly audit   minimatch: [ '3.1.2', '5.1.6' ],
44 silly audit   minimist: [ '1.2.8' ],
44 silly audit   mkdirp: [ '0.5.6', '1.0.4' ],
44 silly audit   mnemonist: [ '0.38.5' ],
44 silly audit   mocha: [ '10.7.3' ],
44 silly audit   ms: [ '2.1.3', '2.1.2' ],
44 silly audit   'p-limit': [ '3.1.0', '1.3.0' ],
44 silly audit   'p-locate': [ '5.0.0', '2.0.0' ],
44 silly audit   'path-exists': [ '4.0.0', '3.0.0' ],
44 silly audit   ndjson: [ '2.0.0' ],
44 silly audit   'neo-async': [ '2.6.2' ],
44 silly audit   'node-addon-api': [ '2.0.2' ],
44 silly audit   'node-emoji': [ '1.11.0' ],
44 silly audit   'node-fetch': [ '2.7.0' ],
44 silly audit   'node-gyp-build': [ '4.8.1' ],
44 silly audit   nofilter: [ '3.1.0' ],
44 silly audit   nopt: [ '3.0.6' ],
44 silly audit   'normalize-path': [ '3.0.0' ],
44 silly audit   'number-to-bn': [ '1.7.0' ],
44 silly audit   'object-assign': [ '4.1.1' ],
44 silly audit   'object-inspect': [ '1.13.2' ],
44 silly audit   'object-keys': [ '1.1.1' ],
44 silly audit   'object.assign': [ '4.1.5' ],
44 silly audit   obliterator: [ '2.0.4' ],
44 silly audit   once: [ '1.4.0' ],
44 silly audit   optionator: [ '0.8.3' ],
44 silly audit   ordinal: [ '1.0.3' ],
44 silly audit   'os-tmpdir': [ '1.0.2' ],
44 silly audit   'p-map': [ '4.0.0' ],
44 silly audit   'p-try': [ '1.0.0' ],
44 silly audit   'parse-cache-control': [ '1.0.1' ],
44 silly audit   'path-is-absolute': [ '1.0.1' ],
44 silly audit   'path-parse': [ '1.0.7' ],
44 silly audit   'path-type': [ '4.0.0' ],
44 silly audit   pathval: [ '1.1.1' ],
44 silly audit   pbkdf2: [ '3.1.2' ],
44 silly audit   picomatch: [ '2.3.1' ],
44 silly audit   pify: [ '4.0.1' ],
44 silly audit   'possible-typed-array-names': [ '1.0.0' ],
44 silly audit   'prelude-ls': [ '1.1.2' ],
44 silly audit   prettier: [ '2.8.8' ],
44 silly audit   'process-nextick-args': [ '2.0.1' ],
44 silly audit   promise: [ '8.3.0' ],
44 silly audit   prompts: [ '2.4.2' ],
44 silly audit   'proper-lockfile': [ '4.1.2' ],
44 silly audit   retry: [ '0.12.0', '0.13.1' ],
44 silly audit   'proxy-from-env': [ '1.1.0' ],
44 silly audit   qs: [ '6.13.0' ],
44 silly audit   'queue-microtask': [ '1.2.3' ],
44 silly audit   randombytes: [ '2.1.0' ],
44 silly audit   'raw-body': [ '2.5.2' ],
44 silly audit   readdirp: [ '3.6.0' ],
44 silly audit   rechoir: [ '0.6.2' ],
44 silly audit   'recursive-readdir': [ '2.2.3' ],
44 silly audit   'reduce-flatten': [ '2.0.0' ],
44 silly audit   'regexp.prototype.flags': [ '1.5.2' ],
44 silly audit   'req-cwd': [ '2.0.0' ],
44 silly audit   'req-from': [ '2.0.0' ],
44 silly audit   'require-directory': [ '2.1.1' ],
44 silly audit   'require-from-string': [ '2.0.2' ],
44 silly audit   resolve: [ '1.17.0', '1.1.7' ],
44 silly audit   'resolve-from': [ '3.0.0' ],
44 silly audit   reusify: [ '1.0.4' ],
44 silly audit   ripemd160: [ '2.0.2' ],
44 silly audit   'run-parallel': [ '1.2.0' ],
44 silly audit   'safe-array-concat': [ '1.1.2' ],
44 silly audit   'safe-regex-test': [ '1.0.3' ],
44 silly audit   'safer-buffer': [ '2.1.2' ],
44 silly audit   'sc-istanbul': [ '0.4.6' ],
44 silly audit   'scrypt-js': [ '3.0.1' ],
44 silly audit   secp256k1: [ '4.0.3' ],
44 silly audit   semver: [ '6.3.1', '5.7.2', '7.6.3' ],
44 silly audit   'serialize-javascript': [ '6.0.2' ],
44 silly audit   'set-function-length': [ '1.2.2' ],
44 silly audit   'set-function-name': [ '2.0.2' ],
44 silly audit   setimmediate: [ '1.0.5' ],
44 silly audit   setprototypeof: [ '1.2.0' ],
44 silly audit   'sha.js': [ '2.4.11' ],
44 silly audit   sha1: [ '1.1.1' ],
44 silly audit   shelljs: [ '0.8.5' ],
44 silly audit   'side-channel': [ '1.0.6' ],
44 silly audit   'signal-exit': [ '3.0.7' ],
44 silly audit   sisteransi: [ '1.0.5' ],
44 silly audit   slash: [ '3.0.0' ],
44 silly audit   'slice-ansi': [ '4.0.0' ],
44 silly audit   solc: [ '0.8.26' ],
44 silly audit   'solidity-ast': [ '0.4.56' ],
44 silly audit   'solidity-coverage': [ '0.8.12' ],
44 silly audit   'source-map-support': [ '0.5.21' ],
44 silly audit   split2: [ '3.2.2' ],
44 silly audit   'sprintf-js': [ '1.0.3' ],
44 silly audit   'stacktrace-parser': [ '0.1.10' ],
44 silly audit   statuses: [ '2.0.1' ],
44 silly audit   'string-format': [ '2.0.0' ],
44 silly audit   'string.prototype.trim': [ '1.2.9' ],
44 silly audit   'string.prototype.trimend': [ '1.0.8' ],
44 silly audit   'string.prototype.trimstart': [ '1.0.8' ],
44 silly audit   'strip-hex-prefix': [ '1.0.0' ],
44 silly audit   'strip-json-comments': [ '3.1.1' ],
44 silly audit   'sync-request': [ '6.1.0' ],
44 silly audit   'sync-rpc': [ '1.3.6' ],
44 silly audit   table: [ '6.8.2' ],
44 silly audit   'table-layout': [ '1.0.2' ],
44 silly audit   'then-request': [ '6.0.2' ],
44 silly audit   through2: [ '4.0.2' ],
44 silly audit   tmp: [ '0.0.33' ],
44 silly audit   'to-regex-range': [ '5.0.1' ],
44 silly audit   toidentifier: [ '1.0.1' ],
44 silly audit   tr46: [ '0.0.3' ],
44 silly audit   'ts-command-line-args': [ '2.5.1' ],
44 silly audit   'ts-essentials': [ '7.0.3' ],
44 silly audit   'ts-node': [ '10.9.2' ],
44 silly audit   tsort: [ '0.0.1' ],
44 silly audit   tweetnacl: [ '1.0.3' ],
44 silly audit   'tweetnacl-util': [ '0.15.1' ],
44 silly audit   'type-check': [ '0.3.2' ],
44 silly audit   'type-detect': [ '4.1.0' ],
44 silly audit   typechain: [ '8.3.2' ],
44 silly audit   'typed-array-buffer': [ '1.0.2' ],
44 silly audit   'typed-array-byte-length': [ '1.0.1' ],
44 silly audit   'typed-array-byte-offset': [ '1.0.2' ],
44 silly audit   'typed-array-length': [ '1.0.6' ],
44 silly audit   typedarray: [ '0.0.6' ],
44 silly audit   typescript: [ '5.5.4' ],
44 silly audit   'uglify-js': [ '3.19.2' ],
44 silly audit   uint32: [ '0.2.1' ],
44 silly audit   'unbox-primitive': [ '1.0.2' ],
44 silly audit   'undici-types': [ '6.19.8' ],
44 silly audit   unfetch: [ '4.2.0' ],
44 silly audit   unpipe: [ '1.0.0' ],
44 silly audit   utf8: [ '3.0.0' ],
44 silly audit   'util-deprecate': [ '1.0.2' ],
44 silly audit   uuid: [ '8.3.2' ],
44 silly audit   'v8-compile-cache-lib': [ '3.0.1' ],
44 silly audit   'web3-utils': [ '1.10.4' ],
44 silly audit   'webidl-conversions': [ '3.0.1' ],
44 silly audit   'whatwg-url': [ '5.0.0' ],
44 silly audit   which: [ '1.3.1' ],
44 silly audit   'which-boxed-primitive': [ '1.0.2' ],
44 silly audit   'which-typed-array': [ '1.1.15' ],
44 silly audit   'widest-line': [ '3.1.0' ],
44 silly audit   'word-wrap': [ '1.2.5' ],
44 silly audit   wordwrap: [ '1.0.0' ],
44 silly audit   wordwrapjs: [ '4.0.1' ],
44 silly audit   workerpool: [ '6.5.1' ],
44 silly audit   'wrap-ansi': [ '7.0.0' ],
44 silly audit   wrappy: [ '1.0.2' ],
44 silly audit   y18n: [ '5.0.8' ],
44 silly audit   yargs: [ '16.2.0' ],
44 silly audit   'yargs-parser': [ '20.2.9' ],
44 silly audit   'yargs-unparser': [ '2.0.0' ],
44 silly audit   yn: [ '3.1.1' ],
44 silly audit   'yocto-queue': [ '0.1.0' ],
44 silly audit   hardhat: [ '2.22.9' ]
44 silly audit }
45 verbose reify failed optional dependency /home/krikri/node_modules/fsevents
46 silly reify mark deleted [ '/home/krikri/node_modules/fsevents' ]
47 http fetch POST 200 https://registry.npmjs.org/-/npm/v1/security/advisories/bulk 168ms
48 silly audit report {
48 silly audit report   ws: [
48 silly audit report     {
48 silly audit report       id: 1098393,
48 silly audit report       url: 'https://github.com/advisories/GHSA-3h5v-q93c-6h6q',
48 silly audit report       title: 'ws affected by a DoS when handling a request with many HTTP headers',
48 silly audit report       severity: 'high',
48 silly audit report       vulnerable_versions: '>=7.0.0 <7.5.10',
48 silly audit report       cwe: [Array],
48 silly audit report       cvss: [Object]
48 silly audit report     }
48 silly audit report   ],
48 silly audit report   elliptic: [
48 silly audit report     {
48 silly audit report       id: 1098593,
48 silly audit report       url: 'https://github.com/advisories/GHSA-f7q4-pwc6-w24p',
48 silly audit report       title: "Elliptic's EDDSA missing signature length check",
48 silly audit report       severity: 'low',
48 silly audit report       vulnerable_versions: '>=4.0.0 <=6.5.6',
48 silly audit report       cwe: [Array],
48 silly audit report       cvss: [Object]
48 silly audit report     },
48 silly audit report     {
48 silly audit report       id: 1098594,
48 silly audit report       url: 'https://github.com/advisories/GHSA-977x-g7h5-7qgw',
48 silly audit report       title: "Elliptic's ECDSA missing check for whether leading bit of r and s is zero",
48 silly audit report       severity: 'low',
48 silly audit report       vulnerable_versions: '>=2.0.0 <=6.5.6',
48 silly audit report       cwe: [Array],
48 silly audit report       cvss: [Object]
48 silly audit report     },
48 silly audit report     {
48 silly audit report       id: 1098595,
48 silly audit report       url: 'https://github.com/advisories/GHSA-49q7-c7j4-3p7m',
48 silly audit report       title: 'Elliptic allows BER-encoded signatures',
48 silly audit report       severity: 'low',
48 silly audit report       vulnerable_versions: '>=5.2.1 <=6.5.6',
48 silly audit report       cwe: [Array],
48 silly audit report       cvss: [Object]
48 silly audit report     }
48 silly audit report   ]
48 silly audit report }
49 silly packumentCache corgi:https://registry.npmjs.org/ws cache-miss
50 silly packumentCache corgi:https://registry.npmjs.org/elliptic cache-miss
51 http fetch GET 200 https://registry.npmjs.org/ws 30ms (cache revalidated)
52 silly packumentCache corgi:https://registry.npmjs.org/ws set size:190597 disposed:false
53 http fetch GET 200 https://registry.npmjs.org/elliptic 66ms (cache revalidated)
54 silly packumentCache corgi:https://registry.npmjs.org/elliptic set size:64999 disposed:false
55 silly packumentCache corgi:https://registry.npmjs.org/@ethersproject%2fproviders cache-miss
56 http fetch GET 200 https://registry.npmjs.org/@ethersproject%2fproviders 51ms (cache revalidated)
57 silly packumentCache corgi:https://registry.npmjs.org/@ethersproject%2fproviders set size:248939 disposed:false
58 silly packumentCache corgi:https://registry.npmjs.org/@ethersproject%2fsigning-key cache-miss
59 silly packumentCache corgi:https://registry.npmjs.org/ethereumjs-util cache-miss
60 silly packumentCache corgi:https://registry.npmjs.org/secp256k1 cache-miss
61 http fetch GET 200 https://registry.npmjs.org/ethereumjs-util 37ms (cache revalidated)
62 silly packumentCache corgi:https://registry.npmjs.org/ethereumjs-util set size:95236 disposed:false
63 http fetch GET 200 https://registry.npmjs.org/secp256k1 48ms (cache revalidated)
64 silly packumentCache corgi:https://registry.npmjs.org/secp256k1 set size:62615 disposed:false
65 http fetch GET 200 https://registry.npmjs.org/@ethersproject%2fsigning-key 62ms (cache revalidated)
66 silly packumentCache corgi:https://registry.npmjs.org/@ethersproject%2fsigning-key set size:73186 disposed:false
67 silly packumentCache corgi:https://registry.npmjs.org/ethers cache-miss
68 http fetch GET 200 https://registry.npmjs.org/ethers 38ms (cache revalidated)
69 silly packumentCache corgi:https://registry.npmjs.org/ethers set size:678558 disposed:false
70 silly packumentCache corgi:https://registry.npmjs.org/@ethersproject%2fhdnode cache-miss
71 silly packumentCache corgi:https://registry.npmjs.org/@ethersproject%2ftransactions cache-miss
72 silly packumentCache corgi:https://registry.npmjs.org/@ethersproject%2fwallet cache-miss
73 http fetch GET 200 https://registry.npmjs.org/@ethersproject%2ftransactions 84ms (cache revalidated)
74 silly packumentCache corgi:https://registry.npmjs.org/@ethersproject%2ftransactions set size:84280 disposed:false
75 http fetch GET 200 https://registry.npmjs.org/@ethersproject%2fhdnode 96ms (cache revalidated)
76 silly packumentCache corgi:https://registry.npmjs.org/@ethersproject%2fhdnode set size:88518 disposed:false
77 http fetch GET 200 https://registry.npmjs.org/@ethersproject%2fwallet 135ms (cache revalidated)
78 silly packumentCache corgi:https://registry.npmjs.org/@ethersproject%2fwallet set size:112557 disposed:false
79 silly packumentCache corgi:https://registry.npmjs.org/@swisstronik%2futils cache-miss
80 silly packumentCache corgi:https://registry.npmjs.org/eth-gas-reporter cache-miss
81 http fetch GET 200 https://registry.npmjs.org/eth-gas-reporter 37ms (cache revalidated)
82 silly packumentCache corgi:https://registry.npmjs.org/eth-gas-reporter set size:110101 disposed:false
83 http fetch GET 200 https://registry.npmjs.org/@swisstronik%2futils 1088ms (cache revalidated)
84 silly packumentCache corgi:https://registry.npmjs.org/@swisstronik%2futils set size:15473 disposed:false
85 silly packumentCache corgi:https://registry.npmjs.org/@ethersproject%2fabstract-provider cache-miss
86 silly packumentCache corgi:https://registry.npmjs.org/@ethersproject%2fcontracts cache-miss
87 silly packumentCache corgi:https://registry.npmjs.org/@ethersproject%2fjson-wallets cache-miss
88 http fetch GET 200 https://registry.npmjs.org/@ethersproject%2fcontracts 90ms (cache revalidated)
89 silly packumentCache corgi:https://registry.npmjs.org/@ethersproject%2fcontracts set size:120426 disposed:false
90 http fetch GET 200 https://registry.npmjs.org/@ethersproject%2fabstract-provider 106ms (cache revalidated)
91 silly packumentCache corgi:https://registry.npmjs.org/@ethersproject%2fabstract-provider set size:85713 disposed:false
92 http fetch GET 200 https://registry.npmjs.org/@ethersproject%2fjson-wallets 109ms (cache revalidated)
93 silly packumentCache corgi:https://registry.npmjs.org/@ethersproject%2fjson-wallets set size:83133 disposed:false
94 silly packumentCache corgi:https://registry.npmjs.org/hardhat-gas-reporter cache-miss
95 http fetch GET 200 https://registry.npmjs.org/hardhat-gas-reporter 27ms (cache revalidated)
96 silly packumentCache corgi:https://registry.npmjs.org/hardhat-gas-reporter set size:66215 disposed:false
97 silly packumentCache corgi:https://registry.npmjs.org/@ethersproject%2fabstract-signer cache-miss
98 http fetch GET 200 https://registry.npmjs.org/@ethersproject%2fabstract-signer 62ms (cache revalidated)
99 silly packumentCache corgi:https://registry.npmjs.org/@ethersproject%2fabstract-signer set size:91647 disposed:false
100 silly packumentCache corgi:https://registry.npmjs.org/@ethersproject%2fhash cache-miss
101 http fetch GET 200 https://registry.npmjs.org/@ethersproject%2fhash 80ms (cache revalidated)
102 silly packumentCache corgi:https://registry.npmjs.org/@ethersproject%2fhash set size:80837 disposed:false
103 silly packumentCache corgi:https://registry.npmjs.org/@ethersproject%2fabi cache-miss
104 silly packumentCache corgi:https://registry.npmjs.org/@ethersproject%2fwordlists cache-miss
105 http fetch GET 200 https://registry.npmjs.org/@ethersproject%2fabi 58ms (cache revalidated)
106 silly packumentCache corgi:https://registry.npmjs.org/@ethersproject%2fabi set size:135291 disposed:false
107 http fetch GET 200 https://registry.npmjs.org/@ethersproject%2fwordlists 112ms (cache revalidated)
108 silly packumentCache corgi:https://registry.npmjs.org/@ethersproject%2fwordlists set size:72894 disposed:false
109 silly packumentCache corgi:https://registry.npmjs.org/@nomicfoundation%2fhardhat-verify cache-miss
110 silly packumentCache corgi:https://registry.npmjs.org/solidity-coverage cache-miss
111 silly packumentCache corgi:https://registry.npmjs.org/hardhat cache-miss
112 http fetch GET 200 https://registry.npmjs.org/solidity-coverage 35ms (cache revalidated)
113 silly packumentCache corgi:https://registry.npmjs.org/solidity-coverage set size:216097 disposed:false
114 http fetch GET 200 https://registry.npmjs.org/hardhat 47ms (cache revalidated)
115 silly packumentCache corgi:https://registry.npmjs.org/hardhat set size:515487 disposed:false
116 http fetch GET 200 https://registry.npmjs.org/@nomicfoundation%2fhardhat-verify 141ms (cache revalidated)
117 silly packumentCache corgi:https://registry.npmjs.org/@nomicfoundation%2fhardhat-verify set size:28943 disposed:false
118 silly packumentCache corgi:https://registry.npmjs.org/@nomicfoundation%2fhardhat-chai-matchers cache-miss
119 silly packumentCache corgi:https://registry.npmjs.org/@nomicfoundation%2fhardhat-ethers cache-miss
120 silly packumentCache corgi:https://registry.npmjs.org/@nomicfoundation%2fhardhat-ignition cache-miss
121 silly packumentCache corgi:https://registry.npmjs.org/@nomicfoundation%2fhardhat-ignition-ethers cache-miss
122 silly packumentCache corgi:https://registry.npmjs.org/@nomicfoundation%2fhardhat-network-helpers cache-miss
123 silly packumentCache corgi:https://registry.npmjs.org/@nomicfoundation%2fhardhat-toolbox cache-miss
124 silly packumentCache corgi:https://registry.npmjs.org/@openzeppelin%2fhardhat-upgrades cache-miss
125 silly packumentCache corgi:https://registry.npmjs.org/@typechain%2fhardhat cache-miss
126 http fetch GET 200 https://registry.npmjs.org/@nomicfoundation%2fhardhat-chai-matchers 98ms (cache revalidated)
127 silly packumentCache corgi:https://registry.npmjs.org/@nomicfoundation%2fhardhat-chai-matchers set size:45949 disposed:false
128 http fetch GET 200 https://registry.npmjs.org/@nomicfoundation%2fhardhat-network-helpers 118ms (cache revalidated)
129 silly packumentCache corgi:https://registry.npmjs.org/@nomicfoundation%2fhardhat-network-helpers set size:35785 disposed:false
130 http fetch GET 200 https://registry.npmjs.org/@typechain%2fhardhat 125ms (cache revalidated)
131 silly packumentCache corgi:https://registry.npmjs.org/@typechain%2fhardhat set size:48306 disposed:false
132 http fetch GET 200 https://registry.npmjs.org/@nomicfoundation%2fhardhat-toolbox 132ms (cache revalidated)
133 silly packumentCache corgi:https://registry.npmjs.org/@nomicfoundation%2fhardhat-toolbox set size:33137 disposed:false
134 http fetch GET 200 https://registry.npmjs.org/@nomicfoundation%2fhardhat-ethers 142ms (cache revalidated)
135 silly packumentCache corgi:https://registry.npmjs.org/@nomicfoundation%2fhardhat-ethers set size:10644 disposed:false
136 http fetch GET 200 https://registry.npmjs.org/@nomicfoundation%2fhardhat-ignition-ethers 626ms (cache revalidated)
137 silly packumentCache corgi:https://registry.npmjs.org/@nomicfoundation%2fhardhat-ignition-ethers set size:9513 disposed:false
138 http fetch GET 200 https://registry.npmjs.org/@nomicfoundation%2fhardhat-ignition 643ms (cache revalidated)
139 silly packumentCache corgi:https://registry.npmjs.org/@nomicfoundation%2fhardhat-ignition set size:32629 disposed:false
140 http fetch GET 200 https://registry.npmjs.org/@openzeppelin%2fhardhat-upgrades 1074ms (cache revalidated)
141 silly packumentCache corgi:https://registry.npmjs.org/@openzeppelin%2fhardhat-upgrades set size:129531 disposed:false
142 silly ADD
143 verbose cwd /home/krikri
144 verbose os Linux 5.15.153.1-microsoft-standard-WSL2
145 verbose node v20.16.0
146 verbose npm  v10.8.1
147 verbose exit 0
148 info ok
